usage: get_info.py [-h] [--task TASK] [--train_file TRAIN_FILE]
                   [--info_type {grads,reps,loss}] [--model_path MODEL_PATH]
                   [--max_samples MAX_SAMPLES]
                   [--torch_dtype {float32,bfloat16}]
                   [--output_path OUTPUT_PATH] [--data_dir DATA_DIR]
                   [--gradient_projection_dimension GRADIENT_PROJECTION_DIMENSION [GRADIENT_PROJECTION_DIMENSION ...]]
                   [--gradient_type {adam,sign,sgd}]
                   [--chat_format CHAT_FORMAT]
                   [--use_chat_format USE_CHAT_FORMAT]
                   [--max_length MAX_LENGTH] [--zh] [--initialize_lora]
                   [--lora_r LORA_R] [--lora_alpha LORA_ALPHA]
                   [--lora_dropout LORA_DROPOUT]
                   [--lora_target_modules LORA_TARGET_MODULES [LORA_TARGET_MODULES ...]]
get_info.py: error: argument --gradient_projection_dimension: invalid int value: '8192up'

JOB STATISTICS
==============
Job ID: 8717350
Cluster: snellius
User/Group: scur2847/scur2847
State: FAILED (exit code 2)
Nodes: 1
Cores per node: 16
CPU Utilized: 00:00:06
CPU Efficiency: 2.21% of 00:04:32 core-walltime
Job Wall-clock time: 00:00:17
Memory Utilized: 2.48 MB
Memory Efficiency: 0.00% of 180.00 GB
